#! /c/Source/iverilog-install/bin/vvp
:ivl_version "12.0 (devel)" "(s20150603-1539-g2693dd32b)";
:ivl_delay_selection "TYPICAL";
:vpi_time_precision + 0;
:vpi_module "C:\iverilog\lib\ivl\system.vpi";
:vpi_module "C:\iverilog\lib\ivl\vhdl_sys.vpi";
:vpi_module "C:\iverilog\lib\ivl\vhdl_textio.vpi";
:vpi_module "C:\iverilog\lib\ivl\v2005_math.vpi";
:vpi_module "C:\iverilog\lib\ivl\va_math.vpi";
S_0000019108b6a1a0 .scope module, "SingleCycleDataPath" "SingleCycleDataPath" 2 197;
 .timescale 0 0;
    .port_info 0 /INPUT 1 "clock";
    .port_info 1 /INPUT 32 "instruction";
    .port_info 2 /INPUT 32 "data";
    .port_info 3 /OUTPUT 32 "insMemAddress";
    .port_info 4 /OUTPUT 1 "insMemRead";
    .port_info 5 /OUTPUT 32 "dataMemAddress";
    .port_info 6 /OUTPUT 1 "dataMemRead";
    .port_info 7 /OUTPUT 1 "dataMemWrite";
    .port_info 8 /OUTPUT 32 "dataWriteValue";
P_0000019108ba56d0 .param/l "ADDRESS_WIDTH" 0 2 199, +C4<00000000000000000000000000100000>;
P_0000019108ba5708 .param/l "DATA_WIDTH" 0 2 200, +C4<00000000000000000000000000100000>;
L_0000019108b9de10 .functor BUFZ 6, v0000019108c0a620_0, C4<000000>, C4<000000>, C4<000000>;
L_0000019108b9d860 .functor BUFZ 16, v0000019108c0a1c0_0, C4<0000000000000000>, C4<0000000000000000>, C4<0000000000000000>;
L_0000019108b9d940 .functor BUFZ 4, v0000019108c0a260_0, C4<0000>, C4<0000>, C4<0000>;
RS_0000019108bb38e8 .resolv tri, L_0000019108b9d940, L_0000019108c791d0;
L_0000019108c0c9c0 .functor BUFZ 4, RS_0000019108bb38e8, C4<0000>, C4<0000>, C4<0000>;
L_0000019108c0c800 .functor BUFZ 32, v0000019108c07380_0, C4<00000000000000000000000000000000>, C4<00000000000000000000000000000000>, C4<00000000000000000000000000000000>;
L_0000019108c0c720 .functor BUFZ 32, L_0000019108b9d8d0, C4<00000000000000000000000000000000>, C4<00000000000000000000000000000000>, C4<00000000000000000000000000000000>;
v0000019108c07d80_0 .net "ALU_result", 31 0, L_0000019108c796d0;  1 drivers
L_0000019108c20088 .functor BUFT 1, C4<00000000000000000000000000000100>, C4<0>, C4<0>, C4<0>;
v0000019108c08a00_0 .net/2u *"_ivl_14", 31 0, L_0000019108c20088;  1 drivers
v0000019108c085a0_0 .net *"_ivl_16", 31 0, L_0000019108c0a760;  1 drivers
v0000019108c07e20_0 .net *"_ivl_23", 0 0, L_0000019108c78eb0;  1 drivers
v0000019108c08b40_0 .net *"_ivl_42", 3 0, L_0000019108c0c9c0;  1 drivers
v0000019108c07f60_0 .net *"_ivl_44", 0 0, L_0000019108c79c70;  1 drivers
L_0000019108c20310 .functor BUFT 1, C4<00000000000000000000000000000100>, C4<0>, C4<0>, C4<0>;
v0000019108c081e0_0 .net/2u *"_ivl_45", 31 0, L_0000019108c20310;  1 drivers
v0000019108c08320_0 .net *"_ivl_51", 29 0, L_0000019108c79630;  1 drivers
L_0000019108c20358 .functor BUFT 1, C4<00>, C4<0>, C4<0>, C4<0>;
v0000019108c08640_0 .net *"_ivl_53", 1 0, L_0000019108c20358;  1 drivers
v0000019108c08be0_0 .net *"_ivl_55", 31 0, L_0000019108c78370;  1 drivers
L_0000019108c203a0 .functor BUFT 1, C4<0000000000000000000000000000000>, C4<0>, C4<0>, C4<0>;
v0000019108c08c80_0 .net *"_ivl_58", 30 0, L_0000019108c203a0;  1 drivers
L_0000019108c203e8 .functor BUFT 1, C4<0000000000000000000000000000000>, C4<0>, C4<0>, C4<0>;
v0000019108c08dc0_0 .net *"_ivl_68", 30 0, L_0000019108c203e8;  1 drivers
v0000019108c08e60_0 .net *"_ivl_74", 0 0, L_0000019108c79db0;  1 drivers
v0000019108c0b8e0_0 .net *"_ivl_75", 31 0, L_0000019108c79810;  1 drivers
L_0000019108c20430 .functor BUFT 1, C4<0000000000000000000000000000000>, C4<0>, C4<0>, C4<0>;
v0000019108c0b5c0_0 .net *"_ivl_78", 30 0, L_0000019108c20430;  1 drivers
L_0000019108c20478 .functor BUFT 1, C4<00000000000000000000000000000001>, C4<0>, C4<0>, C4<0>;
v0000019108c0a3a0_0 .net/2u *"_ivl_79", 31 0, L_0000019108c20478;  1 drivers
v0000019108c0abc0_0 .net *"_ivl_81", 0 0, L_0000019108c799f0;  1 drivers
v0000019108c0be80_0 .net "address", 15 0, L_0000019108b9d860;  1 drivers
v0000019108c0a800_0 .net "aluOut", 31 0, v0000019108c07380_0;  1 drivers
v0000019108c0bca0_0 .net "alu_input_b", 31 0, L_0000019108c79a90;  1 drivers
v0000019108c0b020_0 .net "carry", 0 0, L_0000019108c793b0;  1 drivers
o0000019108bb3ca8 .functor BUFZ 1, C4<z>; HiZ drive
v0000019108c0a8a0_0 .net "clock", 0 0, o0000019108bb3ca8;  0 drivers
v0000019108c0ab20_0 .net "control", 18 0, v0000019108c08aa0_0;  1 drivers
o0000019108bb4578 .functor BUFZ 32, C4<zzzzzzzzzzzzzzzzzzzzzzzzzzzzzzzz>; HiZ drive
v0000019108c0aa80_0 .net "data", 31 0, o0000019108bb4578;  0 drivers
v0000019108c0b480_0 .net "dataMemAddress", 31 0, L_0000019108c0c800;  1 drivers
v0000019108c0b7a0_0 .net "dataMemRead", 0 0, L_0000019108c79770;  1 drivers
v0000019108c0bf20_0 .net "dataMemWrite", 0 0, L_0000019108c79b30;  1 drivers
v0000019108c0ada0_0 .net "dataWriteValue", 31 0, L_0000019108c0c720;  1 drivers
v0000019108c0bc00_0 .net "data_1", 31 0, L_0000019108b9d080;  1 drivers
v0000019108c0a120_0 .net "data_2", 31 0, L_0000019108b9d8d0;  1 drivers
v0000019108c0b200_0 .net "extended", 31 0, L_0000019108c78af0;  1 drivers
v0000019108c0ad00_0 .net "funct", 5 0, L_0000019108b9de10;  1 drivers
v0000019108c0b840_0 .net "insMemAddress", 31 0, L_0000019108c79450;  1 drivers
v0000019108c0a940_0 .var "insMemRead", 0 0;
o0000019108bb46f8 .functor BUFZ 32, C4<zzzzzzzzzzzzzzzzzzzzzzzzzzzzzzzz>; HiZ drive
v0000019108c0a9e0_0 .net "instruction", 31 0, o0000019108bb46f8;  0 drivers
o0000019108bb3a98 .functor BUFZ 1, C4<z>; HiZ drive
v0000019108c0ac60_0 .net "jr", 0 0, o0000019108bb3a98;  0 drivers
v0000019108c0b700_0 .net "negative", 0 0, L_0000019108c784b0;  1 drivers
v0000019108c0a440_0 .net "opcode", 5 0, L_0000019108c0bb60;  1 drivers
v0000019108c0af80_0 .net "operation", 4 0, v0000019108c07ce0_0;  1 drivers
v0000019108c0a4e0_0 .net "overflow", 0 0, L_0000019108c79130;  1 drivers
v0000019108c0a580_0 .net "pc", 31 0, v0000019108c07560_0;  1 drivers
v0000019108c0b0c0_0 .net "pcPlus4", 0 0, L_0000019108c780f0;  1 drivers
v0000019108c0ae40_0 .net "rd", 4 0, v0000019108c0aee0_0;  1 drivers
v0000019108c0b520_0 .net "regWrite", 0 0, L_0000019108c79310;  1 drivers
v0000019108c0a1c0_0 .var "reg_address", 15 0;
v0000019108c0a620_0 .var "reg_funct", 5 0;
v0000019108c0b160_0 .var "reg_nextPC", 31 0;
v0000019108c0aee0_0 .var "reg_rd", 4 0;
v0000019108c0b340_0 .var "reg_rs", 4 0;
v0000019108c0b980_0 .var "reg_rt", 4 0;
v0000019108c0a080_0 .var "reg_shamt", 4 0;
v0000019108c0b660_0 .net "rs", 4 0, v0000019108c0b340_0;  1 drivers
v0000019108c0bd40_0 .net "rt", 4 0, v0000019108c0b980_0;  1 drivers
v0000019108c0bde0_0 .net "samt", 0 0, L_0000019108c0bac0;  1 drivers
v0000019108c0a300_0 .net "shifted", 31 0, L_0000019108c78410;  1 drivers
v0000019108c0ba20_0 .net8 "status_out", 3 0, RS_0000019108bb38e8;  2 drivers
v0000019108c0a260_0 .var "status_reg", 3 0;
v0000019108c0b3e0_0 .net "writeRegAddress", 4 0, L_0000019108c789b0;  1 drivers
v0000019108c0b2a0_0 .net "writeRegData", 31 0, L_0000019108c798b0;  1 drivers
v0000019108c0a6c0_0 .net "zero", 0 0, L_0000019108c79f90;  1 drivers
E_0000019108ba0ed0 .event anyedge, v0000019108c08aa0_0, v0000019108c0a6c0_0, v0000019108c07d80_0, v0000019108c0b0c0_0;
E_0000019108ba0750 .event anyedge, v0000019108c0ad00_0, v0000019108c0a440_0;
L_0000019108c0bac0 .part v0000019108c0a080_0, 0, 1;
L_0000019108c0bb60 .part o0000019108bb46f8, 26, 6;
L_0000019108c0a760 .arith/sum 32, v0000019108c07560_0, L_0000019108c20088;
L_0000019108c780f0 .part L_0000019108c0a760, 0, 1;
L_0000019108c79270 .part o0000019108bb46f8, 26, 6;
L_0000019108c78eb0 .part v0000019108c08aa0_0, 12, 1;
L_0000019108c789b0 .functor MUXZ 5, v0000019108c0b980_0, v0000019108c0aee0_0, L_0000019108c78eb0, C4<>;
L_0000019108c79310 .part v0000019108c08aa0_0, 0, 1;
L_0000019108c78230 .part o0000019108bb46f8, 0, 16;
L_0000019108c79d10 .part v0000019108c08aa0_0, 3, 3;
L_0000019108c78d70 .part o0000019108bb46f8, 0, 6;
L_0000019108c79130 .part L_0000019108c0c9c0, 3, 1;
L_0000019108c784b0 .part L_0000019108c0c9c0, 2, 1;
L_0000019108c79f90 .part L_0000019108c0c9c0, 1, 1;
L_0000019108c793b0 .part L_0000019108c0c9c0, 0, 1;
L_0000019108c79c70 .part v0000019108c08aa0_0, 1, 1;
L_0000019108c79a90 .functor MUXZ 32, L_0000019108b9d8d0, L_0000019108c20310, L_0000019108c79c70, C4<>;
L_0000019108c79630 .part L_0000019108c78af0, 0, 30;
L_0000019108c78410 .concat [ 2 30 0 0], L_0000019108c20358, L_0000019108c79630;
L_0000019108c78370 .concat [ 1 31 0 0], L_0000019108c780f0, L_0000019108c203a0;
L_0000019108c796d0 .arith/sum 32, L_0000019108c78370, L_0000019108c78410;
L_0000019108c79b30 .part v0000019108c08aa0_0, 2, 1;
L_0000019108c79450 .concat [ 1 31 0 0], L_0000019108c780f0, L_0000019108c203e8;
L_0000019108c79770 .part v0000019108c08aa0_0, 8, 1;
L_0000019108c79db0 .part v0000019108c08aa0_0, 6, 1;
L_0000019108c79810 .concat [ 1 31 0 0], L_0000019108c79db0, L_0000019108c20430;
L_0000019108c799f0 .cmp/eq 32, L_0000019108c79810, L_0000019108c20478;
L_0000019108c798b0 .functor MUXZ 32, v0000019108c07380_0, o0000019108bb4578, L_0000019108c799f0, C4<>;
S_0000019108b6a330 .scope module, "alu" "ALU" 2 341, 3 28 0, S_0000019108b6a1a0;
 .timescale 0 0;
    .port_info 0 /INPUT 5 "control";
    .port_info 1 /INPUT 32 "a";
    .port_info 2 /INPUT 32 "b";
    .port_info 3 /INPUT 4 "statusIn";
    .port_info 4 /OUTPUT 32 "out";
    .port_info 5 /OUTPUT 4 "statusOut";
P_0000019108ba0fd0 .param/l "DATA_WIDTH" 0 3 29, +C4<00000000000000000000000000100000>;
L_0000019108c0c560 .functor BUFZ 1, L_0000019108c78f50, C4<0>, C4<0>, C4<0>;
v0000019108b9a760_0 .net *"_ivl_13", 0 0, L_0000019108c782d0;  1 drivers
v0000019108b99fe0_0 .net *"_ivl_24", 0 0, L_0000019108c0c560;  1 drivers
v0000019108c07880_0 .net *"_ivl_3", 0 0, L_0000019108c78b90;  1 drivers
L_0000019108c20160 .functor BUFT 1, C4<000000000000000000000000000000000>, C4<0>, C4<0>, C4<0>;
v0000019108c08780_0 .net/2u *"_ivl_6", 32 0, L_0000019108c20160;  1 drivers
v0000019108c088c0_0 .net *"_ivl_8", 0 0, L_0000019108c787d0;  1 drivers
v0000019108c080a0_0 .net "a", 31 0, L_0000019108b9d080;  alias, 1 drivers
v0000019108c08d20_0 .net "b", 31 0, L_0000019108b9d8d0;  alias, 1 drivers
v0000019108c07ec0_0 .net "control", 4 0, v0000019108c07ce0_0;  alias, 1 drivers
v0000019108c07380_0 .var "out", 31 0;
v0000019108c08820_0 .net "overflow_wire", 0 0, L_0000019108c78f50;  1 drivers
v0000019108c083c0_0 .var "result", 32 0;
v0000019108c07ba0_0 .net "statusIn", 3 0, v0000019108c0a260_0;  1 drivers
v0000019108c07420_0 .net8 "statusOut", 3 0, RS_0000019108bb38e8;  alias, 2 drivers
E_0000019108ba0ad0 .event anyedge, v0000019108c07ba0_0, v0000019108c08d20_0, v0000019108c080a0_0, v0000019108ba9be0_0;
L_0000019108c78b90 .part v0000019108c083c0_0, 32, 1;
L_0000019108c787d0 .cmp/eq 33, v0000019108c083c0_0, L_0000019108c20160;
L_0000019108c782d0 .part v0000019108c083c0_0, 31, 1;
L_0000019108c78ff0 .part L_0000019108b9d080, 31, 1;
L_0000019108c79090 .part L_0000019108b9d8d0, 31, 1;
L_0000019108c78550 .part v0000019108c083c0_0, 31, 1;
L_0000019108c791d0 .concat8 [ 1 1 1 1], L_0000019108c78b90, L_0000019108c787d0, L_0000019108c782d0, L_0000019108c0c560;
S_0000019108b7e760 .scope module, "f" "overflow" 3 78, 3 82 0, S_0000019108b6a330;
 .timescale 0 0;
    .port_info 0 /INPUT 1 "a";
    .port_info 1 /INPUT 1 "b";
    .port_info 2 /INPUT 1 "result";
    .port_info 3 /INPUT 5 "ALU_CNTRL";
    .port_info 4 /OUTPUT 1 "overflow";
L_0000019108b9da90 .functor OR 1, L_0000019108c794f0, L_0000019108c78e10, C4<0>, C4<0>;
L_0000019108b9d0f0 .functor NOT 1, L_0000019108c78ff0, C4<0>, C4<0>, C4<0>;
L_0000019108b9d160 .functor NOT 1, L_0000019108c79090, C4<0>, C4<0>, C4<0>;
L_0000019108b9d1d0 .functor AND 1, L_0000019108b9d0f0, L_0000019108b9d160, C4<1>, C4<1>;
L_0000019108b9d240 .functor AND 1, L_0000019108b9d1d0, L_0000019108c78550, C4<1>, C4<1>;
L_0000019108b9d320 .functor AND 1, L_0000019108c78ff0, L_0000019108c79090, C4<1>, C4<1>;
L_0000019108b9d400 .functor NOT 1, L_0000019108c78550, C4<0>, C4<0>, C4<0>;
L_0000019108b83ee0 .functor AND 1, L_0000019108b9d320, L_0000019108b9d400, C4<1>, C4<1>;
L_0000019108c0ca30 .functor OR 1, L_0000019108b9d240, L_0000019108b83ee0, C4<0>, C4<0>;
v0000019108ba9be0_0 .net "ALU_CNTRL", 4 0, v0000019108c07ce0_0;  alias, 1 drivers
v0000019108ba98c0_0 .net *"_ivl_0", 31 0, L_0000019108c78c30;  1 drivers
L_0000019108c20238 .functor BUFT 1, C4<000000000000000000000000000>, C4<0>, C4<0>, C4<0>;
v0000019108ba9460_0 .net *"_ivl_11", 26 0, L_0000019108c20238;  1 drivers
L_0000019108c20280 .functor BUFT 1, C4<00000000000000000000000000001010>, C4<0>, C4<0>, C4<0>;
v0000019108baa2c0_0 .net/2u *"_ivl_12", 31 0, L_0000019108c20280;  1 drivers
v0000019108ba9c80_0 .net *"_ivl_14", 0 0, L_0000019108c78e10;  1 drivers
v0000019108ba9140_0 .net *"_ivl_16", 0 0, L_0000019108b9da90;  1 drivers
v0000019108baa720_0 .net *"_ivl_18", 0 0, L_0000019108b9d0f0;  1 drivers
v0000019108baa360_0 .net *"_ivl_20", 0 0, L_0000019108b9d160;  1 drivers
v0000019108ba9500_0 .net *"_ivl_22", 0 0, L_0000019108b9d1d0;  1 drivers
v0000019108ba9dc0_0 .net *"_ivl_24", 0 0, L_0000019108b9d240;  1 drivers
v0000019108baa400_0 .net *"_ivl_26", 0 0, L_0000019108b9d320;  1 drivers
v0000019108baa540_0 .net *"_ivl_28", 0 0, L_0000019108b9d400;  1 drivers
L_0000019108c201a8 .functor BUFT 1, C4<000000000000000000000000000>, C4<0>, C4<0>, C4<0>;
v0000019108ba8ce0_0 .net *"_ivl_3", 26 0, L_0000019108c201a8;  1 drivers
v0000019108baa680_0 .net *"_ivl_30", 0 0, L_0000019108b83ee0;  1 drivers
v0000019108ba8920_0 .net *"_ivl_32", 0 0, L_0000019108c0ca30;  1 drivers
L_0000019108c202c8 .functor BUFT 1, C4<0>, C4<0>, C4<0>, C4<0>;
v0000019108ba9320_0 .net/2u *"_ivl_34", 0 0, L_0000019108c202c8;  1 drivers
L_0000019108c201f0 .functor BUFT 1, C4<00000000000000000000000000000010>, C4<0>, C4<0>, C4<0>;
v0000019108ba8f60_0 .net/2u *"_ivl_4", 31 0, L_0000019108c201f0;  1 drivers
v0000019108ba96e0_0 .net *"_ivl_6", 0 0, L_0000019108c794f0;  1 drivers
v0000019108ba8b00_0 .net *"_ivl_8", 31 0, L_0000019108c78cd0;  1 drivers
v0000019108ba9960_0 .net "a", 0 0, L_0000019108c78ff0;  1 drivers
v0000019108ba8c40_0 .net "b", 0 0, L_0000019108c79090;  1 drivers
v0000019108ba91e0_0 .net "overflow", 0 0, L_0000019108c78f50;  alias, 1 drivers
v0000019108b9a3a0_0 .net "result", 0 0, L_0000019108c78550;  1 drivers
L_0000019108c78c30 .concat [ 5 27 0 0], v0000019108c07ce0_0, L_0000019108c201a8;
L_0000019108c794f0 .cmp/eq 32, L_0000019108c78c30, L_0000019108c201f0;
L_0000019108c78cd0 .concat [ 5 27 0 0], v0000019108c07ce0_0, L_0000019108c20238;
L_0000019108c78e10 .cmp/eq 32, L_0000019108c78cd0, L_0000019108c20280;
L_0000019108c78f50 .functor MUXZ 1, L_0000019108c202c8, L_0000019108c0ca30, L_0000019108b9da90, C4<>;
S_0000019108b7ea00 .scope module, "aluctrl" "ALUControl" 2 336, 2 169 0, S_0000019108b6a1a0;
 .timescale 0 0;
    .port_info 0 /INPUT 3 "aluOp";
    .port_info 1 /INPUT 6 "funct";
    .port_info 2 /OUTPUT 5 "operation";
    .port_info 3 /OUTPUT 1 "jr";
v0000019108c07060_0 .net "aluOp", 2 0, L_0000019108c79d10;  1 drivers
v0000019108c07920_0 .net "funct", 5 0, L_0000019108c78d70;  1 drivers
v0000019108c086e0_0 .net "jr", 0 0, o0000019108bb3a98;  alias, 0 drivers
v0000019108c07ce0_0 .var "operation", 4 0;
E_0000019108ba0150 .event anyedge, v0000019108c07060_0, v0000019108c07920_0;
S_0000019108b6f7f0 .scope module, "mainControl" "Control" 2 325, 2 139 0, S_0000019108b6a1a0;
 .timescale 0 0;
    .port_info 0 /INPUT 6 "opcode";
    .port_info 1 /OUTPUT 19 "control";
v0000019108c08aa0_0 .var "control", 18 0;
v0000019108c07600_0 .net "opcode", 5 0, L_0000019108c79270;  1 drivers
E_0000019108ba0190 .event anyedge, v0000019108c07600_0;
S_0000019108b6f980 .scope module, "pcRegister" "Register" 2 311, 3 92 0, S_0000019108b6a1a0;
 .timescale 0 0;
    .port_info 0 /INPUT 32 "D";
    .port_info 1 /INPUT 1 "clock";
    .port_info 2 /OUTPUT 32 "Q";
P_0000019108ba0850 .param/l "DATA_WIDTH" 0 3 93, +C4<00000000000000000000000000100000>;
v0000019108c08140_0 .net "D", 31 0, v0000019108c0b160_0;  1 drivers
v0000019108c07560_0 .var "Q", 31 0;
v0000019108c07b00_0 .net "clock", 0 0, o0000019108bb3ca8;  alias, 0 drivers
E_0000019108ba0d90 .event posedge, v0000019108c07b00_0;
S_0000019108b6ded0 .scope module, "rf" "RegisterFile" 2 330, 3 107 0, S_0000019108b6a1a0;
 .timescale 0 0;
    .port_info 0 /INPUT 1 "clock";
    .port_info 1 /INPUT 5 "address1";
    .port_info 2 /INPUT 5 "address2";
    .port_info 3 /INPUT 5 "writeAddress";
    .port_info 4 /INPUT 32 "writeData";
    .port_info 5 /INPUT 1 "regWrite";
    .port_info 6 /OUTPUT 32 "outData1";
    .port_info 7 /OUTPUT 32 "outData2";
P_0000019108ba5850 .param/l "ADDRESS_WIDTH" 0 3 108, +C4<00000000000000000000000000000101>;
P_0000019108ba5888 .param/l "DATA_WIDTH" 0 3 108, +C4<00000000000000000000000000100000>;
L_0000019108b9d080 .functor BUFZ 32, L_0000019108c78a50, C4<00000000000000000000000000000000>, C4<00000000000000000000000000000000>, C4<00000000000000000000000000000000>;
L_0000019108b9d8d0 .functor BUFZ 32, L_0000019108c79590, C4<00000000000000000000000000000000>, C4<00000000000000000000000000000000>, C4<00000000000000000000000000000000>;
v0000019108c074c0_0 .net *"_ivl_0", 31 0, L_0000019108c78a50;  1 drivers
v0000019108c08280_0 .net *"_ivl_10", 6 0, L_0000019108c78190;  1 drivers
L_0000019108c20118 .functor BUFT 1, C4<00>, C4<0>, C4<0>, C4<0>;
v0000019108c07100_0 .net *"_ivl_13", 1 0, L_0000019108c20118;  1 drivers
v0000019108c08960_0 .net *"_ivl_2", 6 0, L_0000019108c79bd0;  1 drivers
L_0000019108c200d0 .functor BUFT 1, C4<00>, C4<0>, C4<0>, C4<0>;
v0000019108c08460_0 .net *"_ivl_5", 1 0, L_0000019108c200d0;  1 drivers
v0000019108c076a0_0 .net *"_ivl_8", 31 0, L_0000019108c79590;  1 drivers
v0000019108c08000_0 .net "address1", 4 0, v0000019108c0b340_0;  alias, 1 drivers
v0000019108c08f00_0 .net "address2", 4 0, v0000019108c0b980_0;  alias, 1 drivers
v0000019108c071a0_0 .net "clock", 0 0, o0000019108bb3ca8;  alias, 0 drivers
v0000019108c08500 .array "data", 0 32, 31 0;
v0000019108c07240_0 .net "outData1", 31 0, L_0000019108b9d080;  alias, 1 drivers
v0000019108c072e0_0 .net "outData2", 31 0, L_0000019108b9d8d0;  alias, 1 drivers
v0000019108c07740_0 .net "regWrite", 0 0, L_0000019108c79310;  alias, 1 drivers
v0000019108c079c0_0 .net "writeAddress", 4 0, L_0000019108c789b0;  alias, 1 drivers
v0000019108c077e0_0 .net "writeData", 31 0, L_0000019108c798b0;  alias, 1 drivers
L_0000019108c78a50 .array/port v0000019108c08500, L_0000019108c79bd0;
L_0000019108c79bd0 .concat [ 5 2 0 0], v0000019108c0b340_0, L_0000019108c200d0;
L_0000019108c79590 .array/port v0000019108c08500, L_0000019108c78190;
L_0000019108c78190 .concat [ 5 2 0 0], v0000019108c0b980_0, L_0000019108c20118;
S_0000019108b6e060 .scope module, "se" "SignExtend" 2 333, 3 130 0, S_0000019108b6a1a0;
 .timescale 0 0;
    .port_info 0 /INPUT 16 "unextended";
    .port_info 1 /OUTPUT 32 "extended";
P_0000019108ba5750 .param/l "FROM_WIDTH" 0 3 131, +C4<00000000000000000000000000010000>;
P_0000019108ba5788 .param/l "TO_WIDTH" 0 3 131, +C4<00000000000000000000000000100000>;
v0000019108c07a60_0 .net "extended", 31 0, L_0000019108c78af0;  alias, 1 drivers
v0000019108c07c40_0 .net "unextended", 15 0, L_0000019108c78230;  1 drivers
L_0000019108c78af0 .extend/s 32, L_0000019108c78230;
    .scope S_0000019108b6f980;
T_0 ;
    %wait E_0000019108ba0d90;
    %load/vec4 v0000019108c08140_0;
    %assign/vec4 v0000019108c07560_0, 0;
    %jmp T_0;
    .thread T_0;
    .scope S_0000019108b6f7f0;
T_1 ;
    %wait E_0000019108ba0190;
    %load/vec4 v0000019108c07600_0;
    %dup/vec4;
    %pushi/vec4 0, 0, 6;
    %cmp/u;
    %jmp/1 T_1.0, 6;
    %dup/vec4;
    %pushi/vec4 35, 0, 6;
    %cmp/u;
    %jmp/1 T_1.1, 6;
    %dup/vec4;
    %pushi/vec4 43, 0, 6;
    %cmp/u;
    %jmp/1 T_1.2, 6;
    %dup/vec4;
    %pushi/vec4 4, 0, 6;
    %cmp/u;
    %jmp/1 T_1.3, 6;
    %dup/vec4;
    %pushi/vec4 2, 0, 6;
    %cmp/u;
    %jmp/1 T_1.4, 6;
    %dup/vec4;
    %pushi/vec4 8, 0, 6;
    %cmp/u;
    %jmp/1 T_1.5, 6;
    %dup/vec4;
    %pushi/vec4 9, 0, 6;
    %cmp/u;
    %jmp/1 T_1.6, 6;
    %dup/vec4;
    %pushi/vec4 15, 0, 6;
    %cmp/u;
    %jmp/1 T_1.7, 6;
    %pushi/vec4 131103, 0, 19;
    %assign/vec4 v0000019108c08aa0_0, 0;
    %jmp T_1.9;
T_1.0 ;
    %pushi/vec4 20513, 0, 19;
    %assign/vec4 v0000019108c08aa0_0, 0;
    %jmp T_1.9;
T_1.1 ;
    %pushi/vec4 16707, 0, 19;
    %assign/vec4 v0000019108c08aa0_0, 0;
    %jmp T_1.9;
T_1.2 ;
    %pushi/vec4 6, 0, 19;
    %assign/vec4 v0000019108c08aa0_0, 0;
    %jmp T_1.9;
T_1.3 ;
    %pushi/vec4 2056, 0, 19;
    %assign/vec4 v0000019108c08aa0_0, 0;
    %jmp T_1.9;
T_1.4 ;
    %pushi/vec4 11, 0, 19;
    %assign/vec4 v0000019108c08aa0_0, 0;
    %jmp T_1.9;
T_1.5 ;
    %pushi/vec4 16387, 0, 19;
    %assign/vec4 v0000019108c08aa0_0, 0;
    %jmp T_1.9;
T_1.6 ;
    %pushi/vec4 16387, 0, 19;
    %assign/vec4 v0000019108c08aa0_0, 0;
    %jmp T_1.9;
T_1.7 ;
    %pushi/vec4 16577, 0, 19;
    %assign/vec4 v0000019108c08aa0_0, 0;
    %jmp T_1.9;
T_1.9 ;
    %pop/vec4 1;
    %jmp T_1;
    .thread T_1, $push;
    .scope S_0000019108b6ded0;
T_2 ;
    %wait E_0000019108ba0d90;
    %load/vec4 v0000019108c07740_0;
    %flag_set/vec4 8;
    %jmp/0xz  T_2.0, 8;
    %load/vec4 v0000019108c077e0_0;
    %load/vec4 v0000019108c079c0_0;
    %pad/u 7;
    %ix/vec4 3;
    %ix/load 4, 0, 0; Constant delay
    %assign/vec4/a/d v0000019108c08500, 0, 4;
T_2.0 ;
    %jmp T_2;
    .thread T_2;
    .scope S_0000019108b7ea00;
T_3 ;
    %wait E_0000019108ba0150;
    %load/vec4 v0000019108c07060_0;
    %cmpi/e 0, 0, 3;
    %jmp/0xz  T_3.0, 4;
    %pushi/vec4 0, 0, 5;
    %assign/vec4 v0000019108c07ce0_0, 0;
    %jmp T_3.1;
T_3.0 ;
    %load/vec4 v0000019108c07060_0;
    %cmpi/e 1, 0, 3;
    %jmp/0xz  T_3.2, 4;
    %pushi/vec4 8, 0, 5;
    %assign/vec4 v0000019108c07ce0_0, 0;
    %jmp T_3.3;
T_3.2 ;
    %load/vec4 v0000019108c07060_0;
    %cmpi/e 2, 0, 3;
    %jmp/0xz  T_3.4, 4;
    %pushi/vec4 16, 0, 5;
    %assign/vec4 v0000019108c07ce0_0, 0;
    %jmp T_3.5;
T_3.4 ;
    %load/vec4 v0000019108c07060_0;
    %cmpi/e 3, 0, 3;
    %jmp/0xz  T_3.6, 4;
    %pushi/vec4 24, 0, 5;
    %assign/vec4 v0000019108c07ce0_0, 0;
    %jmp T_3.7;
T_3.6 ;
    %load/vec4 v0000019108c07060_0;
    %cmpi/e 4, 0, 3;
    %jmp/0xz  T_3.8, 4;
    %load/vec4 v0000019108c07920_0;
    %dup/vec4;
    %pushi/vec4 36, 0, 6;
    %cmp/u;
    %jmp/1 T_3.10, 6;
    %dup/vec4;
    %pushi/vec4 37, 0, 6;
    %cmp/u;
    %jmp/1 T_3.11, 6;
    %dup/vec4;
    %pushi/vec4 0, 0, 6;
    %cmp/u;
    %jmp/1 T_3.12, 6;
    %dup/vec4;
    %pushi/vec4 2, 0, 6;
    %cmp/u;
    %jmp/1 T_3.13, 6;
    %pushi/vec4 0, 0, 5;
    %assign/vec4 v0000019108c07ce0_0, 0;
    %jmp T_3.15;
T_3.10 ;
    %pushi/vec4 16, 0, 5;
    %assign/vec4 v0000019108c07ce0_0, 0;
    %jmp T_3.15;
T_3.11 ;
    %pushi/vec4 24, 0, 5;
    %assign/vec4 v0000019108c07ce0_0, 0;
    %jmp T_3.15;
T_3.12 ;
    %pushi/vec4 0, 0, 5;
    %assign/vec4 v0000019108c07ce0_0, 0;
    %jmp T_3.15;
T_3.13 ;
    %pushi/vec4 8, 0, 5;
    %assign/vec4 v0000019108c07ce0_0, 0;
    %jmp T_3.15;
T_3.15 ;
    %pop/vec4 1;
    %jmp T_3.9;
T_3.8 ;
    %pushi/vec4 0, 0, 5;
    %assign/vec4 v0000019108c07ce0_0, 0;
T_3.9 ;
T_3.7 ;
T_3.5 ;
T_3.3 ;
T_3.1 ;
    %jmp T_3;
    .thread T_3, $push;
    .scope S_0000019108b6a330;
T_4 ;
    %wait E_0000019108ba0ad0;
    %load/vec4 v0000019108c07ec0_0;
    %dup/vec4;
    %pushi/vec4 0, 0, 5;
    %cmp/u;
    %jmp/1 T_4.0, 6;
    %dup/vec4;
    %pushi/vec4 1, 0, 5;
    %cmp/u;
    %jmp/1 T_4.1, 6;
    %dup/vec4;
    %pushi/vec4 2, 0, 5;
    %cmp/u;
    %jmp/1 T_4.2, 6;
    %dup/vec4;
    %pushi/vec4 10, 0, 5;
    %cmp/u;
    %jmp/1 T_4.3, 6;
    %dup/vec4;
    %pushi/vec4 11, 0, 5;
    %cmp/u;
    %jmp/1 T_4.4, 6;
    %dup/vec4;
    %pushi/vec4 24, 0, 5;
    %cmp/u;
    %jmp/1 T_4.5, 6;
    %pushi/vec4 1, 0, 32;
    %assign/vec4 v0000019108c07380_0, 0;
    %jmp T_4.7;
T_4.0 ;
    %load/vec4 v0000019108c080a0_0;
    %pad/u 33;
    %load/vec4 v0000019108c08d20_0;
    %pad/u 33;
    %and;
    %store/vec4 v0000019108c083c0_0, 0, 33;
    %load/vec4 v0000019108c083c0_0;
    %parti/s 32, 0, 2;
    %store/vec4 v0000019108c07380_0, 0, 32;
    %jmp T_4.7;
T_4.1 ;
    %load/vec4 v0000019108c080a0_0;
    %pad/u 33;
    %load/vec4 v0000019108c08d20_0;
    %pad/u 33;
    %or;
    %assign/vec4 v0000019108c083c0_0, 0;
    %load/vec4 v0000019108c083c0_0;
    %parti/s 32, 0, 2;
    %store/vec4 v0000019108c07380_0, 0, 32;
    %jmp T_4.7;
T_4.2 ;
    %load/vec4 v0000019108c080a0_0;
    %pad/u 33;
    %load/vec4 v0000019108c08d20_0;
    %pad/u 33;
    %add;
    %load/vec4 v0000019108c07ba0_0;
    %parti/s 1, 0, 2;
    %pad/u 33;
    %add;
    %store/vec4 v0000019108c083c0_0, 0, 33;
    %load/vec4 v0000019108c083c0_0;
    %parti/s 32, 0, 2;
    %store/vec4 v0000019108c07380_0, 0, 32;
    %jmp T_4.7;
T_4.3 ;
    %load/vec4 v0000019108c080a0_0;
    %pad/u 33;
    %load/vec4 v0000019108c08d20_0;
    %pad/u 33;
    %sub;
    %store/vec4 v0000019108c083c0_0, 0, 33;
    %load/vec4 v0000019108c083c0_0;
    %parti/s 32, 0, 2;
    %store/vec4 v0000019108c07380_0, 0, 32;
    %jmp T_4.7;
T_4.4 ;
    %load/vec4 v0000019108c080a0_0;
    %load/vec4 v0000019108c08d20_0;
    %cmp/u;
    %flag_mov 8, 5;
    %jmp/0 T_4.8, 8;
    %pushi/vec4 1, 0, 33;
    %jmp/1 T_4.9, 8;
T_4.8 ; End of true expr.
    %pushi/vec4 0, 0, 33;
    %jmp/0 T_4.9, 8;
 ; End of false expr.
    %blend;
T_4.9;
    %store/vec4 v0000019108c083c0_0, 0, 33;
    %load/vec4 v0000019108c083c0_0;
    %parti/s 32, 0, 2;
    %store/vec4 v0000019108c07380_0, 0, 32;
    %jmp T_4.7;
T_4.5 ;
    %load/vec4 v0000019108c080a0_0;
    %load/vec4 v0000019108c08d20_0;
    %or;
    %nor/r;
    %pad/u 33;
    %store/vec4 v0000019108c083c0_0, 0, 33;
    %load/vec4 v0000019108c083c0_0;
    %parti/s 32, 0, 2;
    %store/vec4 v0000019108c07380_0, 0, 32;
    %jmp T_4.7;
T_4.7 ;
    %pop/vec4 1;
    %jmp T_4;
    .thread T_4, $push;
    .scope S_0000019108b6a1a0;
T_5 ;
    %wait E_0000019108ba0750;
    %load/vec4 v0000019108c0a440_0;
    %dup/vec4;
    %pushi/vec4 0, 0, 6;
    %cmp/u;
    %jmp/1 T_5.0, 6;
    %dup/vec4;
    %pushi/vec4 35, 0, 6;
    %cmp/u;
    %jmp/1 T_5.1, 6;
    %dup/vec4;
    %pushi/vec4 43, 0, 6;
    %cmp/u;
    %jmp/1 T_5.2, 6;
    %dup/vec4;
    %pushi/vec4 4, 0, 6;
    %cmp/u;
    %jmp/1 T_5.3, 6;
    %dup/vec4;
    %pushi/vec4 2, 0, 6;
    %cmp/u;
    %jmp/1 T_5.4, 6;
    %dup/vec4;
    %pushi/vec4 8, 0, 6;
    %cmp/u;
    %jmp/1 T_5.5, 6;
    %jmp T_5.6;
T_5.0 ;
    %load/vec4 v0000019108c0a9e0_0;
    %parti/s 5, 21, 6;
    %store/vec4 v0000019108c0b340_0, 0, 5;
    %load/vec4 v0000019108c0a9e0_0;
    %parti/s 5, 16, 6;
    %store/vec4 v0000019108c0b980_0, 0, 5;
    %load/vec4 v0000019108c0a9e0_0;
    %parti/s 5, 11, 5;
    %store/vec4 v0000019108c0aee0_0, 0, 5;
    %load/vec4 v0000019108c0a9e0_0;
    %parti/s 5, 6, 4;
    %store/vec4 v0000019108c0a080_0, 0, 5;
    %load/vec4 v0000019108c0a9e0_0;
    %parti/s 6, 0, 2;
    %store/vec4 v0000019108c0a620_0, 0, 6;
    %jmp T_5.6;
T_5.1 ;
    %load/vec4 v0000019108c0a9e0_0;
    %parti/s 5, 21, 6;
    %store/vec4 v0000019108c0b340_0, 0, 5;
    %load/vec4 v0000019108c0a9e0_0;
    %parti/s 5, 16, 6;
    %store/vec4 v0000019108c0b980_0, 0, 5;
    %load/vec4 v0000019108c0a9e0_0;
    %parti/s 16, 0, 2;
    %store/vec4 v0000019108c0a1c0_0, 0, 16;
    %jmp T_5.6;
T_5.2 ;
    %load/vec4 v0000019108c0a9e0_0;
    %parti/s 5, 21, 6;
    %store/vec4 v0000019108c0b340_0, 0, 5;
    %load/vec4 v0000019108c0a9e0_0;
    %parti/s 5, 16, 6;
    %store/vec4 v0000019108c0b980_0, 0, 5;
    %load/vec4 v0000019108c0a9e0_0;
    %parti/s 16, 0, 2;
    %store/vec4 v0000019108c0a1c0_0, 0, 16;
    %jmp T_5.6;
T_5.3 ;
    %load/vec4 v0000019108c0a9e0_0;
    %parti/s 5, 21, 6;
    %store/vec4 v0000019108c0b340_0, 0, 5;
    %load/vec4 v0000019108c0a9e0_0;
    %parti/s 5, 16, 6;
    %store/vec4 v0000019108c0b980_0, 0, 5;
    %load/vec4 v0000019108c0a9e0_0;
    %parti/s 16, 0, 2;
    %store/vec4 v0000019108c0a1c0_0, 0, 16;
    %jmp T_5.6;
T_5.4 ;
    %load/vec4 v0000019108c0a9e0_0;
    %parti/s 26, 0, 2;
    %pad/u 16;
    %store/vec4 v0000019108c0a1c0_0, 0, 16;
    %jmp T_5.6;
T_5.5 ;
    %jmp T_5.6;
T_5.6 ;
    %pop/vec4 1;
    %jmp T_5;
    .thread T_5, $push;
    .scope S_0000019108b6a1a0;
T_6 ;
    %pushi/vec4 4194304, 0, 32;
    %assign/vec4 v0000019108c0b160_0, 0;
    %pushi/vec4 1, 0, 1;
    %assign/vec4 v0000019108c0a940_0, 0;
    %end;
    .thread T_6;
    .scope S_0000019108b6a1a0;
T_7 ;
    %pushi/vec4 268502012, 0, 32;
    %ix/load 4, 29, 0;
    %flag_set/imm 4, 0;
    %store/vec4a v0000019108c08500, 4, 0;
    %end;
    .thread T_7;
    .scope S_0000019108b6a1a0;
T_8 ;
    %wait E_0000019108ba0ed0;
    %load/vec4 v0000019108c0ab20_0;
    %parti/s 1, 9, 5;
    %load/vec4 v0000019108c0a6c0_0;
    %pad/u 32;
    %pushi/vec4 1, 0, 32;
    %cmp/e;
    %flag_get/vec4 4;
    %and;
    %flag_set/vec4 8;
    %jmp/0xz  T_8.0, 8;
    %load/vec4 v0000019108c07d80_0;
    %store/vec4 v0000019108c0b160_0, 0, 32;
    %jmp T_8.1;
T_8.0 ;
    %load/vec4 v0000019108c0b0c0_0;
    %pad/u 32;
    %store/vec4 v0000019108c0b160_0, 0, 32;
T_8.1 ;
    %jmp T_8;
    .thread T_8, $push;
# The file index is used to find the file name in the following table.
:file_names 4;
    "N/A";
    "<interactive>";
    "MIPSSingleCycle.v";
    "./MIPSComponents.v";
